<?xml version="1.0" encoding="UTF-8"?>
<!-- Generated by org.testng.reporters.JUnitReportReporter -->
<testsuite skipped="0" hostname="KAPAMAC114YHTD7" name="Day10.TestingBasics" tests="4" failures="0" timestamp="2019-11-07T16:09:23 MST" time="0.009" errors="0">
  <testcase name="testcase5" time="0.005" classname="Day10.TestingBasics"/>
  <testcase name="testcase6" time="0.002" classname="Day10.TestingBasics"/>
  <testcase name="testcase3" time="0.001" classname="Day10.TestingBasics"/>
  <testcase name="testcase1" time="0.001" classname="Day10.TestingBasics"/>
</testsuite> <!-- Day10.TestingBasics -->
