<?xml version="1.0" encoding="UTF-8"?>
<!-- Generated by org.testng.reporters.JUnitReportReporter -->
<testsuite skipped="0" hostname="KAPAMAC114YHTD7" name="Day11.Guru99Project" tests="4" failures="0" timestamp="2019-11-07T21:41:25 MST" time="3.456" errors="0">
  <testcase name="verifyTitleOfThePage" time="0.017" classname="Day11.Guru99Project"/>
  <testcase name="verifyTitleOfThePage" time="0.009" classname="Day11.Guru99Project"/>
  <testcase name="login" time="2.297" classname="Day11.Guru99Project"/>
  <testcase name="login" time="1.133" classname="Day11.Guru99Project"/>
</testsuite> <!-- Day11.Guru99Project -->
