<?xml version="1.0" encoding="UTF-8"?>
<!-- Generated by org.testng.reporters.JUnitReportReporter -->
<testsuite skipped="0" hostname="KAPAMAC114YHTD7" name="Day11.Guru99Project" tests="4" failures="0" timestamp="2019-11-07T21:37:35 MST" time="3.013" errors="0">
  <testcase name="verifyTitleOfThePage" time="0.031" classname="Day11.Guru99Project"/>
  <testcase name="verifyTitleOfThePage" time="0.018" classname="Day11.Guru99Project"/>
  <testcase name="login" time="0.974" classname="Day11.Guru99Project"/>
  <testcase name="login" time="1.990" classname="Day11.Guru99Project"/>
</testsuite> <!-- Day11.Guru99Project -->
