<?xml version="1.0" encoding="UTF-8"?>
<!-- Generated by org.testng.reporters.JUnitReportReporter -->
<testsuite skipped="0" hostname="KAPAMAC114YHTD7" name="Day11.DataProviderExample" tests="6" failures="0" timestamp="2019-11-07T22:37:14 MST" time="0.014" errors="0">
  <testcase name="printTestData" time="0.001" classname="Day11.DataProviderExample"/>
  <testcase name="printTestData" time="0.001" classname="Day11.DataProviderExample"/>
  <testcase name="printTestData" time="0.002" classname="Day11.DataProviderExample"/>
  <testcase name="printTestData" time="0.001" classname="Day11.DataProviderExample"/>
  <testcase name="printTestData" time="0.001" classname="Day11.DataProviderExample"/>
  <testcase name="printTestData" time="0.008" classname="Day11.DataProviderExample"/>
</testsuite> <!-- Day11.DataProviderExample -->
