<?xml version="1.0" encoding="UTF-8"?>
<!-- Generated by org.testng.reporters.JUnitReportReporter -->
<testsuite skipped="0" hostname="KAPAMAC114YHTD7" name="Day11.TestingBasics" tests="3" failures="0" timestamp="2019-11-07T23:05:40 MST" time="0.042" errors="0">
  <testcase name="testcase6" time="0.014" classname="Day11.TestingBasics"/>
  <testcase name="testcase3" time="0.015" classname="Day11.TestingBasics"/>
  <testcase name="testcase1" time="0.013" classname="Day11.TestingBasics"/>
</testsuite> <!-- Day11.TestingBasics -->
